<?xml version="1.0" encoding="UTF-8"?>
<!-- Generated by org.testng.reporters.JUnitReportReporter -->
<testsuite ignored="0" hostname="Admins-Air" failures="0" tests="2" name="com.learningAutomation.testCases.LoginTestCRM" time="9.292" errors="0" timestamp="02 Aug 2023 01:45:30 GMT" skipped="0">
  <testcase classname="com.learningAutomation.testCases.LoginTestCRM" name="loginApp" time="9.084"/>
  <testcase classname="com.learningAutomation.testCases.LoginTestCRM" name="loginApp1" time="0.208"/>
</testsuite> <!-- com.learningAutomation.testCases.LoginTestCRM -->
